app/intermediates/manifest_merge_blame_file/debug/manifest-merger-blame-debug-report.txt
1<?xml version="1.0" encoding="utf-8"?>
2<manifest xmlns:android="http://schemas.android.com/apk/res/android"
3    package="com.example.easytutofilemanager"
4    android:versionCode="1"
5    android:versionName="1.0" >
6
7    <uses-sdk
8        android:minSdkVersion="23"
8-->src/main/AndroidManifest.xml
9        android:targetSdkVersion="30" />
9-->src/main/AndroidManifest.xml
10
11    <uses-permission android:name="android.permission.WRITE_EXTERNAL_STORAGE" />
11-->src/main/AndroidManifest.xml:22:5-81
11-->src/main/AndroidManifest.xml:22:22-78
12    <uses-permission android:name="android.permission.READ_EXTERNAL_STORAGE" />
12-->src/main/AndroidManifest.xml:24:5-80
12-->src/main/AndroidManifest.xml:24:22-77
13
14    <application
14-->src/main/AndroidManifest.xml:5:5-21:19
15        android:allowBackup="true"
15-->src/main/AndroidManifest.xml:6:9-35
16        android:appComponentFactory="androidx.core.app.CoreComponentFactory"
16-->[androidx.core:core:1.5.0] AndroidManifest.xml:24:18-86
17        android:debuggable="true"
18        android:extractNativeLibs="false"
19        android:icon="@mipmap/ic_launcher"
19-->src/main/AndroidManifest.xml:7:9-43
20        android:label="@string/app_name"
20-->src/main/AndroidManifest.xml:8:9-41
21        android:requestLegacyExternalStorage="true"
21-->src/main/AndroidManifest.xml:9:9-52
22        android:roundIcon="@mipmap/ic_launcher_round"
22-->src/main/AndroidManifest.xml:10:9-54
23        android:supportsRtl="true"
23-->src/main/AndroidManifest.xml:11:9-35
24        android:testOnly="true"
25        android:theme="@style/Theme.EasyTutoFileManager" >
25-->src/main/AndroidManifest.xml:12:9-57
26        <activity
26-->src/main/AndroidManifest.xml:13:9-102
27            android:name="com.example.easytutofilemanager.FileListActivity"
27-->src/main/AndroidManifest.xml:13:19-51
28            android:theme="@style/Theme.AppCompat" />
28-->src/main/AndroidManifest.xml:13:52-90
29        <activity android:name="com.example.easytutofilemanager.MainActivity" >
29-->src/main/AndroidManifest.xml:14:9-20:20
29-->src/main/AndroidManifest.xml:14:19-47
30            <intent-filter>
30-->src/main/AndroidManifest.xml:15:13-19:29
31                <action android:name="android.intent.action.MAIN" />
31-->src/main/AndroidManifest.xml:16:17-69
31-->src/main/AndroidManifest.xml:16:25-66
32
33                <category android:name="android.intent.category.LAUNCHER" />
33-->src/main/AndroidManifest.xml:18:17-77
33-->src/main/AndroidManifest.xml:18:27-74
34            </intent-filter>
35        </activity>
36    </application>
37
38</manifest>